Case #1: Aleksandar Andras Anshuman Erling Manohar Xiao
Case #2: Erling Zejia
Case #3: Atol Bhuwan Bhuwan Lin Nima Vladislav Voja Voja Yingsheng Zainab
Case #4: Andriy Jan Lingjuan Wenjie Xiao Yingsheng
Case #5: Amol Andrei Andrii Aravind David John Nima Paul Rudradev Vladislav
Case #6: Anil Aravind Jan Jan Victor Viswanath
Case #7: Anh Luiz Ranjeeth Roman Steaphan Weitao Weitao Zihing
Case #8: Ahmed Anshuman Jan Ranjeeth
Case #9: Anil Igor Purav Sanjeet
Case #10: Purav Slawek Wai Weiyan
Case #11: Fabien Kittipat Liang Paul
Case #12: Andrei Wesley
Case #13: Doan Duc Gaurav John John Jordan Liang Rudradev Thomas Viswanath
Case #14: Chirag Viswanath
Case #15: Anil Doan Duc Fabien Manohar Paul Rajat Yintao
Case #16: Andrei Doan Ekansh Erling Fabien Zef
Case #17: Aravind Mehdi Weiyan Xiao
Case #18: Aravind Ekansh
Case #19: Lingjuan Zejia
Case #20: Anshuman Atol Paul Wai
