Case #1: Fabien Kittipat Liang Paul
Case #2: Anil Igor Purav Sanjeet
Case #3: Andrei Wesley
Case #4: Atol Bhuwan Bhuwan Lin Nima Vladislav Voja Voja Yingsheng Zainab
Case #5: Andriy Jan Lingjuan Wenjie Xiao Yingsheng
Case #6: Atol Clifton Clifton Doan John John Purav Song
Case #7: Aravind Ekansh
Case #8: Doan Duc Gaurav John John Jordan Liang Rudradev Thomas Viswanath
Case #9: Anshuman Manohar Meihong Nima
Case #10: Anil Doan Duc Fabien Manohar Paul Rajat Yintao
Case #11: Anh Luiz Ranjeeth Roman Steaphan Weitao Weitao Zihing
Case #12: Doan John
Case #13: Anshuman Atol Paul Wai
Case #14: Ahmed Anshuman Jan Ranjeeth
Case #15: Aleksandar Andras Anshuman Erling Manohar Xiao
Case #16: Bhuwan Duc Fabien Meihong Vlad Wai
Case #17: Purav Slawek Wai Weiyan
Case #18: Chirag Viswanath
Case #19: Aleksandar Aravind Bhuwan Igor
Case #20: Fabien Weiyan
